"../../../Engine/Content/EngineMaterials/T_Default_Material_Grid_N.uasset" 0
"../../../Engine/Content/EngineMaterials/T_Default_Material_Grid_M.uasset" 1
"../../../Engine/Content/Functions/Engine_MaterialFunctions01/Opacity/CameraDepthFade.uasset" 2
"../../../Engine/Content/EngineMaterials/WorldGridMaterial.uasset" 3
"../../../Engine/Content/ArtTools/RenderToTexture/Meshes/S_1_Unit_Plane.uasset" 4
"../../../Engine/Content/EngineMaterials/DefaultMaterial.uasset" 5
"../../../Engine/Content/BasicShapes/Cone.uasset" 6
"../../../Engine/Content/BasicShapes/Cube.uasset" 7
"../../../Engine/Content/BasicShapes/Plane.uasset" 8
"../../../Engine/Content/BasicShapes/Sphere.uasset" 9
"../../../Engine/Content/EngineMaterials/DefaultPhysicalMaterial.uasset" 10
"../../../Engine/Content/BufferVisualization/AmbientOcclusion.uasset" 11
"../../../Engine/Content/Functions/Engine_MaterialFunctions02/Utility/AppendMany.uasset" 12
"../../../Engine/Content/BufferVisualization/Anisotropy.uasset" 13
"../../../Engine/Content/BufferVisualization/BaseColor.uasset" 14
"../../../Engine/Content/BufferVisualization/CustomDepth.uasset" 15
"../../../Engine/Content/Functions/Engine_MaterialFunctions02/Utility/VectorLength.uasset" 16
"../../../Engine/Content/BufferVisualization/CustomDepthWorldUnits.uasset" 17
"../../../Engine/Content/EngineMaterials/MiniFont.uasset" 18
"../../../Engine/Content/Functions/Engine_MaterialFunctions02/Utility/MakeFloat3.uasset" 19
"../../../Engine/Content/Functions/Engine_MaterialFunctions02/Utility/MakeFloat2.uasset" 20
"../../../Engine/Content/Functions/Engine_MaterialFunctions02/ScreenResolution.uasset" 21
"../../../Engine/Content/Functions/Engine_MaterialFunctions02/Utility/BreakOutFloat2Components.uasset" 22
"../../../Engine/Content/Functions/Engine_MaterialFunctions01/Texturing/ScaleUVsByCenter.uasset" 23
"../../../Engine/Content/Functions/Engine_MaterialFunctions02/Texturing/ScreenAlignedUVs.uasset" 24
"../../../Engine/Content/BufferVisualization/CustomStencil.uasset" 25
"../../../Engine/Content/BufferVisualization/FinalImage.uasset" 26
"../../../Engine/Content/BufferVisualization/LightingModel.uasset" 27
"../../../Engine/Content/BufferVisualization/MaterialAO.uasset" 28
"../../../Engine/Content/BufferVisualization/Metallic.uasset" 29
"../../../Engine/Content/BufferVisualization/Opacity.uasset" 30
"../../../Engine/Content/BufferVisualization/PostTonemapHDRColor.uasset" 31
"../../../Engine/Content/BufferVisualization/PreTonemapHDRColor.uasset" 32
"../../../Engine/Content/BufferVisualization/Roughness.uasset" 33
"../../../Engine/Content/BufferVisualization/SceneColor.uasset" 34
"../../../Engine/Content/BufferVisualization/SceneDepth.uasset" 35
"../../../Engine/Content/BufferVisualization/SceneDepthWorldUnits.uasset" 36
"../../../Engine/Content/BufferVisualization/SeparateTranslucencyA.uasset" 37
"../../../Engine/Content/BufferVisualization/SeparateTranslucencyRGB.uasset" 38
"../../../Engine/Content/BufferVisualization/Specular.uasset" 39
"../../../Engine/Content/BufferVisualization/SubsurfaceColor.uasset" 40
"../../../Engine/Content/BufferVisualization/Velocity.uasset" 41
"../../../Engine/Content/BufferVisualization/WorldNormal.uasset" 42
"../../../Engine/Content/BufferVisualization/WorldTangent.uasset" 43
"../../../Engine/Content/EditorLandscapeResources/DataLayer.uasset" 44
"../../../Engine/Content/EditorLandscapeResources/DefaultAlphaTexture.uasset" 45
"../../../Engine/Content/EditorLandscapeResources/LandscapeGizmoHeight_Mat.uasset" 46
"../../../Engine/Content/EditorLandscapeResources/LandscapeGizmo_Mat.uasset" 47
"../../../Engine/Content/EditorLandscapeResources/LandscapeGizmo_Mat_Copied.uasset" 48
"../../../Engine/Content/EditorLandscapeResources/SplineEditorMeshMat.uasset" 49
"../../../Engine/Content/EditorLandscapeResources/SplineEditorMesh.uasset" 50
"../../../Engine/Content/EditorMaterials/Cross.uasset" 51
"../../../Engine/Content/EditorMaterials/Cross_Mat.uasset" 52
"../../../Engine/Content/EditorResources/T_EditorHelp.uasset" 53
"../../../Engine/Content/Functions/Engine_MaterialFunctions02/Utility/Sign.uasset" 54
"../../../Engine/Content/Functions/Engine_MaterialFunctions02/Utility/Round.uasset" 55
"../../../Engine/Content/Functions/Engine_MaterialFunctions02/ExampleContent/Textures/DebugNumberPeriod.uasset" 56
"../../../Engine/Content/Functions/Engine_MaterialFunctions02/ExampleContent/DebugNumberStrip.uasset" 57
"../../../Engine/Content/EngineMaterials/DefaultDiffuse.uasset" 58
"../../../Engine/Content/Functions/Engine_MaterialFunctions01/Texturing/TextureCropping.uasset" 59
"../../../Engine/Content/Functions/Engine_MaterialFunctions01/Texturing/ComputeMipLevel.uasset" 60
"../../../Engine/Content/Functions/Engine_MaterialFunctions02/Utility/DebugScalarValues.uasset" 61
"../../../Engine/Content/Functions/Engine_MaterialFunctions02/Utility/DebugFloat2Values.uasset" 62
"../../../Engine/Content/Functions/Engine_MaterialFunctions02/ExampleContent/Textures/flipbook.uasset" 63
"../../../Engine/Content/Functions/Engine_MaterialFunctions02/Texturing/FlipBook.uasset" 64
"../../../Engine/Content/EditorMaterials/HelpActorMaterial.uasset" 65
"../../../Engine/Content/Functions/Engine_MaterialFunctions03/Procedurals/ComputeFilterWidth.uasset" 66
"../../../Engine/Content/EngineMaterials/BlendFunc_DefBlend.uasset" 67
"../../../Engine/Content/EngineMaterials/BlendFunc_DefBase.uasset" 68
"../../../Engine/Content/Functions/Engine_MaterialFunctions03/Blends/Blend_Screen.uasset" 69
"../../../Engine/Content/EditorMaterials/TilingAALineIntegral.uasset" 70
"../../../Engine/Content/EditorMaterials/TilingAALineBoxFiltered.uasset" 71
"../../../Engine/Content/EditorMaterials/TilingAAGrid.uasset" 72
"../../../Engine/Content/EditorMaterials/TilingAADots.uasset" 73
"../../../Engine/Content/EditorMaterials/CompositeARGBLayer.uasset" 74
"../../../Engine/Content/EditorMaterials/LevelGridMaterial.uasset" 75
"../../../Engine/Content/EditorResources/LevelGrid1DStripes.uasset" 76
"../../../Engine/Content/EditorMaterials/TextureGridCascaded1D.uasset" 77
"../../../Engine/Content/EditorMaterials/TextureGridCascaded2D.uasset" 78
"../../../Engine/Content/EditorMaterials/MakeCompositeARGBLayer.uasset" 79
"../../../Engine/Content/EditorMaterials/LevelGridMaterial2.uasset" 80
"../../../Engine/Content/EditorMaterials/MAT_Groups_Toggle.uasset" 81
"../../../Engine/Content/EditorMaterials/MAT_Groups_Visibility.uasset" 82
"../../../Engine/Content/EditorMaterials/PhAT_BoneSelectedMaterial.uasset" 83
"../../../Engine/Content/EditorMaterials/PhAT_ElemSelectedMaterial.uasset" 84
"../../../Engine/Content/EditorMaterials/PhAT_NoCollisionMaterial.uasset" 85
"../../../Engine/Content/EditorMaterials/PhAT_UnselectedMaterial.uasset" 86
"../../../Engine/Content/EditorMaterials/PreviewShadowIndicator.uasset" 87
"../../../Engine/Content/EditorMaterials/PreviewShadowIndicatorMaterial.uasset" 88
"../../../Engine/Content/EditorMaterials/TargetIcon.uasset" 89
"../../../Engine/Content/EditorMaterials/Tick.uasset" 90
"../../../Engine/Content/EditorMaterials/Tick_Mat.uasset" 91
"../../../Engine/Content/EditorMaterials/WidgetGridVertexColorMaterial.uasset" 92
"../../../Engine/Content/EditorMaterials/WidgetGridVertexColorMaterial_Ma.uasset" 93
"../../../Engine/Content/EditorMaterials/WidgetMaterial.uasset" 94
"../../../Engine/Content/EditorMaterials/WidgetMaterial_Current.uasset" 95
"../../../Engine/Content/EditorMaterials/WidgetMaterial_X.uasset" 96
"../../../Engine/Content/EditorMaterials/WidgetMaterial_Y.uasset" 97
"../../../Engine/Content/EditorMaterials/WidgetMaterial_Z.uasset" 98
"../../../Engine/Content/EditorMaterials/WidgetVertexColorMaterial.uasset" 99
"../../../Engine/Content/EditorMaterials/MatineeGroups/MAT_ColorTrack.uasset" 100
"../../../Engine/Content/EditorMaterials/MatineeGroups/MAT_Groups_Anim.uasset" 101
"../../../Engine/Content/EditorMaterials/MatineeGroups/MAT_Groups_AudioMaster.uasset" 102
"../../../Engine/Content/EditorMaterials/MatineeGroups/MAT_Groups_Director.uasset" 103
"../../../Engine/Content/EditorMaterials/MatineeGroups/MAT_Groups_Event.uasset" 104
"../../../Engine/Content/EditorMaterials/MatineeGroups/MAT_Groups_Fade.uasset" 105
"../../../Engine/Content/EditorMaterials/MatineeGroups/MAT_Groups_Float.uasset" 106
"../../../Engine/Content/EditorMaterials/MatineeGroups/MAT_Groups_Move.uasset" 107
"../../../Engine/Content/EditorMaterials/MatineeGroups/MAT_Groups_Slomo.uasset" 108
"../../../Engine/Content/EditorMaterials/MatineeGroups/MAT_Groups_Sound.uasset" 109
"../../../Engine/Content/EditorMaterials/MatineeGroups/MAT_Groups_Vector.uasset" 110
"../../../Engine/Content/EditorMaterials/ParticleSystems/PSysThumbnail_NoImage.uasset" 111
"../../../Engine/Content/EditorMaterials/ParticleSystems/PSysThumbnail_OOD.uasset" 112
"../../../Engine/Content/EngineMaterials/Grid.uasset" 113
"../../../Engine/Content/EditorMaterials/Thumbnails/FloorPlaneMaterial.uasset" 114
"../../../Engine/Content/EditorMeshes/EditorCube.uasset" 115
"../../../Engine/Content/EditorMeshes/EditorCylinder.uasset" 116
"../../../Engine/Content/EditorMeshes/EditorPlane.uasset" 117
"../../../Engine/Content/EditorMaterials/Thumbnails/SkySphereMaterial.uasset" 118
"../../../Engine/Content/EditorMeshes/EditorSkySphere.uasset" 119
"../../../Engine/Content/EditorMeshes/EditorSphere.uasset" 120
"../../../Engine/Content/EditorResources/MatineeCam_D.uasset" 121
"../../../Engine/Content/EditorMaterials/MatineeCam_mat.uasset" 122
"../../../Engine/Content/EditorMeshes/MatineeCam_SM.uasset" 123
"../../../Engine/Content/EditorMeshes/PlanarReflectionPlane.uasset" 124
"../../../Engine/Content/EngineDebugMaterials/M_SimpleOpaque.uasset" 125
"../../../Engine/Content/EditorMaterials/Camera/MI_CineMat_CamViewFinder.uasset" 126
"../../../Engine/Content/EditorMaterials/Camera/CineMat.uasset" 127
"../../../Engine/Content/EditorMaterials/Camera/MI_CineMat_CameraBody.uasset" 128
"../../../Engine/Content/EditorMeshes/Camera/SM_CineCam.uasset" 129
"../../../Engine/Content/EditorMaterials/Camera/MI_CineMat_Rig.uasset" 130
"../../../Engine/Content/EditorMeshes/Camera/SM_CraneRig_Arm.uasset" 131
"../../../Engine/Content/EditorMeshes/Camera/SM_CraneRig_Base.uasset" 132
"../../../Engine/Content/EditorMeshes/Camera/SM_CraneRig_Body.uasset" 133
"../../../Engine/Content/EditorMeshes/Camera/SM_CraneRig_Mount.uasset" 134
"../../../Engine/Content/EditorMeshes/Camera/SM_RailRig_Mount.uasset" 135
"../../../Engine/Content/EditorMeshes/Camera/SM_RailRig_Track.uasset" 136
"../../../Engine/Content/EditorMeshes/ColorCalibrator/M_ChromeBall.uasset" 137
"../../../Engine/Content/EditorResources/Bad.uasset" 138
"../../../Engine/Content/EditorResources/BSPVertex.uasset" 139
"../../../Engine/Content/EditorResources/EmptyActor.uasset" 140
"../../../Engine/Content/EditorResources/MatInstActSprite.uasset" 141
"../../../Engine/Content/EditorResources/SceneManager.uasset" 142
"../../../Engine/Content/EditorResources/SmallFont.uasset" 143
"../../../Engine/Content/EditorResources/S_Actor.uasset" 144
"../../../Engine/Content/EditorResources/S_CameraShakeSource.uasset" 145
"../../../Engine/Content/EditorResources/S_DecalActorIcon.uasset" 146
"../../../Engine/Content/EditorResources/S_Emitter.uasset" 147
"../../../Engine/Content/EditorResources/S_ExpoHeightFog.uasset" 148
"../../../Engine/Content/EditorResources/S_FTest.uasset" 149
"../../../Engine/Content/EditorResources/S_KBSJoint.uasset" 150
"../../../Engine/Content/EditorResources/S_KHinge.uasset" 151
"../../../Engine/Content/EditorResources/S_KPrismatic.uasset" 152
"../../../Engine/Content/EditorResources/S_LevelSequence.uasset" 153
"../../../Engine/Content/EditorResources/S_NavP.uasset" 154
"../../../Engine/Content/EditorResources/S_Note.uasset" 155
"../../../Engine/Content/EditorResources/S_Player.uasset" 156
"../../../Engine/Content/EditorResources/S_PortalActorIcon2.uasset" 157
"../../../Engine/Content/EditorResources/S_RadForce.uasset" 158
"../../../Engine/Content/EditorResources/S_ReflActorIcon.uasset" 159
"../../../Engine/Content/EditorResources/S_SkyAtmosphere.uasset" 160
"../../../Engine/Content/EditorResources/S_Solver.uasset" 161
"../../../Engine/Content/EditorResources/S_Terrain.uasset" 162
"../../../Engine/Content/EditorResources/S_TextRenderActorIcon.uasset" 163
"../../../Engine/Content/EditorResources/S_Thruster.uasset" 164
"../../../Engine/Content/EditorResources/S_Trigger.uasset" 165
"../../../Engine/Content/EditorResources/S_VectorFieldVol.uasset" 166
"../../../Engine/Content/EditorResources/S_VolumetricCloud.uasset" 167
"../../../Engine/Content/EditorResources/S_WindDirectional.uasset" 168
"../../../Engine/Content/EditorResources/AI/S_NavLink.uasset" 169
"../../../Engine/Content/EditorResources/AudioIcons/S_AudioComponent.uasset" 170
"../../../Engine/Content/EditorResources/AudioIcons/S_AudioComponent_AutoActivate.uasset" 171
"../../../Engine/Content/EditorResources/LightIcons/SkyLight.uasset" 172
"../../../Engine/Content/EditorResources/LightIcons/S_LightDirectional.uasset" 173
"../../../Engine/Content/EditorResources/LightIcons/S_LightDirectionalMove.uasset" 174
"../../../Engine/Content/EditorResources/LightIcons/S_LightError.uasset" 175
"../../../Engine/Content/EditorResources/LightIcons/S_LightPoint.uasset" 176
"../../../Engine/Content/EditorResources/LightIcons/S_LightPointMove.uasset" 177
"../../../Engine/Content/EditorResources/LightIcons/S_LightSpot.uasset" 178
"../../../Engine/Content/EditorResources/LightIcons/S_LightSpotMove.uasset" 179
"../../../Engine/Content/EditorResources/SequenceRecorder/Countdown.uasset" 180
"../../../Engine/Content/EditorResources/SequenceRecorder/RecordingIndicator.uasset" 181
"../../../Engine/Content/EditorResources/Spline/T_Loft_Spline.uasset" 182
"../../../Engine/Content/EditorSounds/Notifications/CompileSuccess.uasset" 183
"../../../Engine/Content/EditorSounds/Notifications/CompileStart_Cue.uasset" 184
"../../../Engine/Content/EngineDamageTypes/DmgTypeBP_Environmental.uasset" 185
"../../../Engine/Content/EngineDebugMaterials/HeatmapGradient.uasset" 186
"../../../Engine/Content/EngineDebugMaterials/BoneWeightMaterial.uasset" 187
"../../../Engine/Content/EngineDebugMaterials/ClothMaterial.uasset" 188
"../../../Engine/Content/EngineDebugMaterials/ClothMaterial_WF.uasset" 189
"../../../Engine/Content/EngineDebugMaterials/DebugEditorMaterial.uasset" 190
"../../../Engine/Content/EngineDebugMaterials/DebugMeshMaterial.uasset" 191
"../../../Engine/Content/EngineDebugMaterials/GeomMaterial.uasset" 192
"../../../Engine/Content/Functions/Engine_MaterialFunctions01/Shading/ConvertFromDiffSpec.uasset" 193
"../../../Engine/Content/EngineDebugMaterials/LevelColorationLitMaterial.uasset" 194
"../../../Engine/Content/EngineDebugMaterials/LevelColorationUnlitMaterial.uasset" 195
"../../../Engine/Content/EngineMaterials/DefaultWhiteGrid.uasset" 196
"../../../Engine/Content/EngineDebugMaterials/MAT_LevelColorationLitLightmapUV.uasset" 197
"../../../Engine/Content/EngineDebugMaterials/M_SimpleUnlitTranslucent.uasset" 198
"../../../Engine/Content/EngineDebugMaterials/VolumeToRender.uasset" 199
"../../../Engine/Content/Functions/Engine_MaterialFunctions02/Utility/CameraDirectionVector.uasset" 200
"../../../Engine/Content/EngineDebugMaterials/M_VolumeRenderSphereTracePP.uasset" 201
"../../../Engine/Content/EngineMaterials/DefaultWhiteGrid_Low.uasset" 202
"../../../Engine/Content/EngineDebugMaterials/PhysicalMaterialMaskMaterial.uasset" 203
"../../../Engine/Content/EngineDebugMaterials/ShadedLevelColorationLitMaterial.uasset" 204
"../../../Engine/Content/EngineDebugMaterials/ShadedLevelColorationUnlitMateri.uasset" 205
"../../../Engine/Content/EngineDebugMaterials/VertexColorMaterial.uasset" 206
"../../../Engine/Content/EngineDebugMaterials/VertexColorViewMode_AlphaAsColor.uasset" 207
"../../../Engine/Content/EngineDebugMaterials/VertexColorViewMode_BlueOnly.uasset" 208
"../../../Engine/Content/EngineDebugMaterials/VertexColorViewMode_ColorOnly.uasset" 209
"../../../Engine/Content/EngineDebugMaterials/VertexColorViewMode_GreenOnly.uasset" 210
"../../../Engine/Content/EngineDebugMaterials/VertexColorViewMode_RedOnly.uasset" 211
"../../../Engine/Content/EngineDebugMaterials/WireframeMaterial.uasset" 212
"../../../Engine/Content/EngineFonts/Faces/RobotoRegular.uasset" 213
"../../../Engine/Content/EngineFonts/Faces/RobotoLight.uasset" 214
"../../../Engine/Content/EngineFonts/Faces/RobotoItalic.uasset" 215
"../../../Engine/Content/EngineFonts/Faces/RobotoBoldItalic.uasset" 216
"../../../Engine/Content/EngineFonts/Faces/RobotoBold.uasset" 217
"../../../Engine/Content/EngineFonts/Faces/DroidSansFallback.uasset" 218
"../../../Engine/Content/EngineFonts/Roboto.uasset" 219
"../../../Engine/Content/EngineFonts/Faces/RobotoTiny.uasset" 220
"../../../Engine/Content/EngineFonts/RobotoTiny.uasset" 221
"../../../Engine/Content/EngineFonts/SmallFont.uasset" 222
"../../../Engine/Content/EngineFonts/TinyFont.uasset" 223
"../../../Engine/Content/EngineMaterials/BaseFlattenNormalMap.uasset" 224
"../../../Engine/Content/EngineMaterials/BaseFlattenGrayscaleMap.uasset" 225
"../../../Engine/Content/EngineMaterials/BaseFlattenEmissiveMap.uasset" 226
"../../../Engine/Content/EngineMaterials/BaseFlattenDiffuseMap.uasset" 227
"../../../Engine/Content/EngineMaterials/BaseFlattenMaterial.uasset" 228
"../../../Engine/Content/EngineResources/WhiteSquareTexture.uasset" 229
"../../../Engine/Content/EngineMaterials/BlinkingCaret.uasset" 230
"../../../Engine/Content/EngineMaterials/BlueNoise.uasset" 231
"../../../Engine/Content/EngineMaterials/DefaultBloomKernel.uasset" 232
"../../../Engine/Content/EngineMaterials/DefaultBokeh.uasset" 233
"../../../Engine/Content/EngineMaterials/DefaultDeferredDecalMaterial.uasset" 234
"../../../Engine/Content/EngineMaterials/DefaultLightFunctionMaterial.uasset" 235
"../../../Engine/Content/EngineMaterials/DefaultNormal.uasset" 236
"../../../Engine/Content/EngineMaterials/DefaultPostProcessMaterial.uasset" 237
"../../../Engine/Content/EngineFonts/RobotoDistanceField.uasset" 238
"../../../Engine/Content/EngineMaterials/DefaultTextMaterialOpaque.uasset" 239
"../../../Engine/Content/EngineMaterials/EditorBrushMaterial.uasset" 240
"../../../Engine/Content/EngineMaterials/EmissiveMeshMaterial.uasset" 241
"../../../Engine/Content/EngineMaterials/GizmoMaterial.uasset" 242
"../../../Engine/Content/EngineMaterials/Grid_N.uasset" 243
"../../../Engine/Content/EngineMaterials/HighResolutionScreenshotMaskFunction.uasset" 244
"../../../Engine/Content/EngineMaterials/HighResScreenshot.uasset" 245
"../../../Engine/Content/EngineMaterials/HighResScreenshotCaptureRegion.uasset" 246
"../../../Engine/Content/EngineMaterials/HighResScreenshotMask.uasset" 247
"../../../Engine/Content/EngineMaterials/LandscapeHolePhysicalMaterial.uasset" 248
"../../../Engine/Content/EngineMaterials/InvalidLightmapSettings.uasset" 249
"../../../Engine/Content/EngineMaterials/M_InvalidLightmapSettings.uasset" 250
"../../../Engine/Content/EngineMaterials/PaperDiffuse.uasset" 251
"../../../Engine/Content/EngineMaterials/PaperNormal.uasset" 252
"../../../Engine/Content/Functions/Engine_MaterialFunctions02/WorldPositionOffset/CameraOffset.uasset" 253
"../../../Engine/Content/EngineMaterials/PhAT_JointLimitMaterial.uasset" 254
"../../../Engine/Content/EngineMaterials/PhysMat_Rubber.uasset" 255
"../../../Engine/Content/EngineMaterials/PreintegratedSkinBRDF.uasset" 256
"../../../Engine/Content/EngineMaterials/RemoveSurfaceMaterial.uasset" 257
"../../../Engine/Content/EngineMaterials/WeightMapPlaceholderTexture.uasset" 258
"../../../Engine/Content/Functions/Engine_MaterialFunctions01/ImageAdjustment/sRGBToLinear.uasset" 259
"../../../Engine/Content/Functions/Engine_MaterialFunctions02/Utility/BreakOutFloat3Components.uasset" 260
"../../../Engine/Content/EngineMaterials/Widget3DCameraPassThrough_Opaque_OneSided.uasset" 261
"../../../Engine/Content/EngineMaterials/Widget3DPassThrough.uasset" 262
"../../../Engine/Content/EngineMaterials/Widget3DPassThrough_Masked.uasset" 263
"../../../Engine/Content/EngineMaterials/Widget3DPassThrough_Opaque.uasset" 264
"../../../Engine/Content/EngineMaterials/Widget3DPassThrough_Masked_OneSided.uasset" 265
"../../../Engine/Content/EngineMaterials/Widget3DPassThrough_Opaque_OneSided.uasset" 266
"../../../Engine/Content/EngineMaterials/Widget3DPassThrough_Translucent.uasset" 267
"../../../Engine/Content/EngineMaterials/Widget3DPassThrough_Translucent_OneSided.uasset" 268
"../../../Engine/Content/EngineMeshes/Cylinder.uasset" 269
"../../../Engine/Content/EngineMeshes/Sphere.uasset" 270
"../../../Engine/Content/EngineResources/Black.uasset" 271
"../../../Engine/Content/EngineResources/DefaultTextureCube.uasset" 272
"../../../Engine/Content/EngineResources/DefaultVolumeTexture2D.uasset" 273
"../../../Engine/Content/EngineResources/DefaultVolumeTexture.uasset" 274
"../../../Engine/Content/EngineResources/GradientTexture0.uasset" 275
"../../../Engine/Content/EngineResources/StreamingPauseIcon.uasset" 276
"../../../Engine/Content/EngineResources/M_StreamingPause.uasset" 277
"../../../Engine/Content/EngineSky/VolumetricClouds/T_NoiseShape64.uasset" 278
"../../../Engine/Content/EngineSky/VolumetricClouds/T_VolumeNoiseShape64.uasset" 279
"../../../Engine/Content/EngineSky/VolumetricClouds/T_NoiseErosion.uasset" 280
"../../../Engine/Content/EngineSky/VolumetricClouds/T_VolumeNoiseErosion32.uasset" 281
"../../../Engine/Content/EngineSky/VolumetricClouds/CloudWeatherTexture.uasset" 282
"../../../Engine/Content/EngineSky/VolumetricClouds/CloudGradientTexture.uasset" 283
"../../../Engine/Content/EngineSky/VolumetricClouds/m_SimpleVolumetricCloud.uasset" 284
"../../../Engine/Content/EngineSky/VolumetricClouds/m_SimpleVolumetricCloud_Inst.uasset" 285
"../../../Engine/Content/EngineSounds/Master.uasset" 286
"../../../Engine/Content/Maps/Templates/Thumbnails/Default.uasset" 287
"../../../Engine/Content/Maps/Templates/Thumbnails/TimeOfDay.uasset" 288
"../../../Engine/Content/Maps/Templates/Thumbnails/VR-Basic.uasset" 289
"../../../Engine/Content/MapTemplates/Sky/DaylightAmbientCubemap.uasset" 290
"../../../Engine/Content/MobileResources/T_MobileControls_texture.uasset" 291
"../../../Engine/Content/MobileResources/T_MobileMenu2.uasset" 292
"../../../Engine/Content/MobileResources/HUD/AnalogHat.uasset" 293
"../../../Engine/Content/MobileResources/HUD/VirtualJoystick_Thumb.uasset" 294
"../../../Engine/Content/MobileResources/HUD/VirtualJoystick_Background.uasset" 295
"../../../Engine/Content/MobileResources/HUD/DefaultVirtualJoysticks.uasset" 296
"../../../Engine/Content/MobileResources/HUD/LeftVirtualJoystickOnly.uasset" 297
"../../../Engine/Content/MobileResources/HUD/MobileHUDButton1_off.uasset" 298
"../../../Engine/Content/MobileResources/HUD/MobileHUDButton1_on.uasset" 299
"../../../Engine/Content/MobileResources/HUD/MobileHUDButton2_off.uasset" 300
"../../../Engine/Content/MobileResources/HUD/MobileHUDButton2_on.uasset" 301
"../../../Engine/Content/MobileResources/HUD/MobileHUDButton3.uasset" 302
"../../../Engine/Content/MobileResources/HUD/MobileHUDButtonFire.uasset" 303
"../../../Engine/Content/MobileResources/HUD/MobileHUDDirectionPad.uasset" 304
"../../../Engine/Content/MobileResources/HUD/MobileHUDDirectionPad2.uasset" 305
"../../../Engine/Content/MobileResources/HUD/MobileHUDDirectionPad3.uasset" 306
"../../../Engine/Content/MobileResources/HUD/MobileHUDDirectionStick.uasset" 307
"../../../Engine/Content/MobileResources/HUD/T_Castle_ThumbstickInner.uasset" 308
"../../../Engine/Content/MobileResources/HUD/T_Castle_ThumbstickOutter.uasset" 309
"../../../Engine/Content/Tutorial/ContentIntroCurve.uasset" 310
"../../../Engine/Content/Tutorial/Basics/LevelEditorAttract.uasset" 311
"../../../Engine/Content/Tutorial/Basics/TutorialAssets/icon_tab_Levels_40x.uasset" 312
"../../../Engine/Content/Tutorial/Basics/LevelEditorOverview.uasset" 313
"../../../Engine/Content/VREditor/TransformGizmo/TranslucentTransformGizmoMaterial.uasset" 314
"../../../Engine/Content/VREditor/LaserPointer/VR_LaserPower_01.uasset" 315
"../../../Engine/Content/VREditor/TransformGizmo/TransformGizmoMaterial.uasset" 316
"../../../Engine/Content/VREditor/TransformGizmo/BoundingBoxCorner.uasset" 317
"../../../Engine/Content/VREditor/TransformGizmo/BoundingBoxEdge.uasset" 318
"../../../Engine/Content/VREditor/TransformGizmo/PlaneTranslationHandle.uasset" 319
"../../../Engine/Content/VREditor/TransformGizmo/Xray.uasset" 320
"../../../Engine/Content/VREditor/TransformGizmo/Main.uasset" 321
"../../../Engine/Content/VREditor/TransformGizmo/SM_Sequencer_Key.uasset" 322
"../../../Engine/Content/VREditor/TransformGizmo/SM_Sequencer_Node.uasset" 323
"../../Plugins/2D/Paper2D/Content/PlaceholderTextures/DummySpriteTexture.uasset" 324
"../../Plugins/2D/Paper2D/Content/DummySprite.uasset" 325
"../../Plugins/2D/Paper2D/Content/DefaultPaperTerrainMaterial.uasset" 326
"../../Plugins/2D/Paper2D/Content/DefaultSpriteMaterial.uasset" 327
"../../Plugins/2D/Paper2D/Content/MaskedUnlitSpriteMaterial.uasset" 328
"../../Plugins/2D/Paper2D/Content/OpaqueUnlitSpriteMaterial.uasset" 329
"../../Plugins/FX/Niagara/Content/Enums/ENiagaraCoordinateSpace.uasset" 330
"../../Plugins/FX/Niagara/Content/Enums/ENiagaraOrientationAxis.uasset" 331
"../../Plugins/FX/Niagara/Content/Enums/ENiagaraRandomnessMode.uasset" 332
"../../Plugins/FX/Niagara/Content/Icons/S_ParticleSystem.uasset" 333
"../../Plugins/Editor/SpeedTreeImporter/Content/SpeedTree9/UnpackInteger3.uasset" 334
"../../Plugins/Editor/SpeedTreeImporter/Content/SpeedTree9/UnpackDirection.uasset" 335
"../../Plugins/Editor/SpeedTreeImporter/Content/SpeedTree9/game_wind_noise.uasset" 336
"../../../Engine/Content/Functions/Engine_MaterialFunctions02/SafeNormalize.uasset" 337
"../../Plugins/Editor/SpeedTreeImporter/Content/SpeedTree9/SpeedTreeWindMotion.uasset" 338
"../../Plugins/Editor/SpeedTreeImporter/Content/SpeedTree9/SpeedTreeBranchMotion.uasset" 339
"../../../Engine/Content/Functions/Engine_MaterialFunctions02/ObjectLocalBounds.uasset" 340
"../../../Engine/Content/Functions/Engine_MaterialFunctions02/UVs/BoundingBoxBased_0-1_UVW.uasset" 341
"../../Plugins/Editor/SpeedTreeImporter/Content/SpeedTree9/SpeedTreeWind.uasset" 342
"../../Plugins/Editor/SpeedTreeImporter/Content/SpeedTree9/SpeedTreeBillboard.uasset" 343
"../../../Engine/Content/EngineResources/DefaultTexture.uasset" 344
"../../Plugins/Editor/SpeedTreeImporter/Content/SpeedTree9/SpeedTreeBillboardMaster.uasset" 345
"../../Plugins/Editor/SpeedTreeImporter/Content/SpeedTree9/SpeedTreeCameraFacing.uasset" 346
"../../Plugins/Editor/SpeedTreeImporter/Content/SpeedTree9/SpeedTreeMaster.uasset" 347
"../../../Engine/Content/BasicShapes/Cylinder.uasset" 348
"../../../Engine/Content/ArtTools/RenderToTexture/Materials/Debug/M_Emissive_Color.uasset" 349
"../../Plugins/Lumin/MagicLeapPassableWorld/Content/MagicLeapARPinInfoActor.uasset" 350
"../../../Engine/Content/Functions/Engine_MaterialFunctions02/Utility/BreakOutFloat4Components.uasset" 351
"../../Plugins/Runtime/Oculus/OculusVR/Content/Materials/OculusMR_ChromaKey.uasset" 352
"../../Plugins/Runtime/Oculus/OculusVR/Content/Materials/OculusMR_OpaqueColoredMaterial.uasset" 353
"../../Plugins/Runtime/Oculus/OculusVR/Content/Materials/PokeAHoleMaterial.uasset" 354
"../../Plugins/Runtime/Oculus/OculusVR/Content/Textures/touchController_controlmap.uasset" 355
"../../Plugins/Runtime/Oculus/OculusVR/Content/Textures/touchController_albedo.uasset" 356
"../../Plugins/Runtime/Oculus/OculusVR/Content/Materials/touchController_mat.uasset" 357
"../../Plugins/Runtime/Oculus/OculusVR/Content/Meshes/LeftTouchController.uasset" 358
"../../Plugins/Runtime/Oculus/OculusVR/Content/Textures/TouchForQuestRiftSController_albedo.uasset" 359
"../../Plugins/Runtime/Oculus/OculusVR/Content/Materials/TouchForQuestRiftSControllerMaterial.uasset" 360
"../../Plugins/Runtime/Oculus/OculusVR/Content/Meshes/LeftTouchForQuestRiftSController.uasset" 361
"../../Plugins/Runtime/Oculus/OculusVR/Content/Meshes/RiftHMD.uasset" 362
"../../Plugins/Runtime/Oculus/OculusVR/Content/Meshes/RightTouchController.uasset" 363
"../../Plugins/Runtime/Oculus/OculusVR/Content/Meshes/RightTouchForQuestRiftSController.uasset" 364
"../../../Engine/Content/Maps/Entry_BuiltData.uasset" 365
"../../../Engine/Content/Maps/Entry.umap" 366
"../../../../VRProjects/VRUdemyCourse/Content/ArchVizAssets/Assets/Textures/TRT_SecurityCamera_C.uasset" 367
"../../../../VRProjects/VRUdemyCourse/Content/ArchVizAssets/Assets/Textures/TRT_SecurityCamera_B.uasset" 368
"../../../../VRProjects/VRUdemyCourse/Content/ArchVizAssets/Assets/Textures/TRT_SecurityCamera_A.uasset" 369
"../../../../VRProjects/VRUdemyCourse/Content/ArchVizAssets/Assets/Textures/T_TilingNoise03_M.uasset" 370
"../../../../VRProjects/VRUdemyCourse/Content/ArchVizAssets/Assets/Textures/T_TilingNoise02_M.uasset" 371
"../../../../VRProjects/VRUdemyCourse/Content/ArchVizAssets/Assets/Textures/T_Security_Camera_Screen_Overlay_M.uasset" 372
"../../../../VRProjects/VRUdemyCourse/Content/ArchVizAssets/Assets/Textures/T_Security_Camera_Base_M.uasset" 373
"../../../../VRProjects/VRUdemyCourse/Content/ArchVizAssets/Assets/Textures/T_PositionalNoise_D.uasset" 374
"../../../../VRProjects/VRUdemyCourse/Content/ArchVizAssets/Assets/Textures/T_PlantBark_D.uasset" 375
"../../../../VRProjects/VRUdemyCourse/Content/ArchVizAssets/Assets/Textures/T_PaintedMetal01_N.uasset" 376
"../../../../VRProjects/VRUdemyCourse/Content/ArchVizAssets/Assets/Textures/T_PaintedMetal01_D.uasset" 377
"../../../../VRProjects/VRUdemyCourse/Content/ArchVizAssets/Assets/Textures/T_Monitor_Screen_M.uasset" 378
"../../../../VRProjects/VRUdemyCourse/Content/ArchVizAssets/Assets/Textures/T_Metal_Metal03_N.uasset" 379
"../../../../VRProjects/VRUdemyCourse/Content/ArchVizAssets/Assets/Textures/T_Metal_Metal03_D.uasset" 380
"../../../../VRProjects/VRUdemyCourse/Content/ArchVizAssets/Assets/Textures/T_GodRay_Mask01.uasset" 381
"../../../../VRProjects/VRUdemyCourse/Content/ArchVizAssets/Assets/Textures/T_Effect_Ring.uasset" 382
"../../../../VRProjects/VRUdemyCourse/Content/ArchVizAssets/Assets/Textures/T_Butterfly_Wing_M.uasset" 383
"../../../../VRProjects/VRUdemyCourse/Content/ArchVizAssets/Assets/Textures/T_Butterfly_M.uasset" 384
"../../../../VRProjects/VRUdemyCourse/Content/ArchVizAssets/Assets/Textures/T_Butterfly_Holographic_M.uasset" 385
"../../../../VRProjects/VRUdemyCourse/Content/ArchVizAssets/Assets/Textures/T_WallArch_N.uasset" 386
"../../../../VRProjects/VRUdemyCourse/Content/ArchVizAssets/Assets/Textures/T_WallArch_M.uasset" 387
"../../../../VRProjects/VRUdemyCourse/Content/ArchVizAssets/Assets/Materials/ML_TexCoordIndexParameter.uasset" 388
"../../../../VRProjects/VRUdemyCourse/Content/ArchVizAssets/Assets/Materials/ML_COG_Metal_Base_Light.uasset" 389
"../../../../VRProjects/VRUdemyCourse/Content/ArchVizAssets/Assets/Textures/T_COG_Concrete_Wall01_N.uasset" 390
"../../../../VRProjects/VRUdemyCourse/Content/ArchVizAssets/Assets/Textures/T_COG_Concrete_Wall01_D.uasset" 391
"../../../../VRProjects/VRUdemyCourse/Content/ArchVizAssets/Assets/Materials/ML_COG_Concrete_Wall01.uasset" 392
"../../../Engine/Content/Functions/MaterialLayerFunctions/MatLayerBlend_Standard.uasset" 393
"../../../Engine/Content/Functions/Engine_MaterialFunctions02/Utility/BlendAngleCorrectedNormals.uasset" 394
"../../../Engine/Content/Functions/MaterialLayerFunctions/MatLayerBlend_NormalBlend.uasset" 395
"../../../../VRProjects/VRUdemyCourse/Content/ArchVizAssets/Assets/Materials/M_WallArch_Mat_Concrete.uasset" 396
"../../../../VRProjects/VRUdemyCourse/Content/ArchVizAssets/Assets/Meshes/SM_WallArch_Support_Top.uasset" 397
"../../../../VRProjects/VRUdemyCourse/Content/ArchVizAssets/Assets/Meshes/SM_WallArch_Support_Slope.uasset" 398
"../../../../VRProjects/VRUdemyCourse/Content/ArchVizAssets/Assets/Meshes/SM_WallArch_Support_Extruded.uasset" 399
"../../../../VRProjects/VRUdemyCourse/Content/ArchVizAssets/Assets/Meshes/SM_WallArch_Support_Buttress.uasset" 400
"../../../../VRProjects/VRUdemyCourse/Content/ArchVizAssets/Assets/Textures/T_Underground_Clamp04_N.uasset" 401
"../../../../VRProjects/VRUdemyCourse/Content/ArchVizAssets/Assets/Textures/T_Underground_Clamp04_M.uasset" 402
"../../../../VRProjects/VRUdemyCourse/Content/ArchVizAssets/Assets/Textures/T_COG_Metal_Rust_03_N.uasset" 403
"../../../../VRProjects/VRUdemyCourse/Content/ArchVizAssets/Assets/Textures/T_COG_Metal_Rust_03_D.uasset" 404
"../../../../VRProjects/VRUdemyCourse/Content/ArchVizAssets/Assets/Materials/ML_Metal_Rust.uasset" 405
"../../../../VRProjects/VRUdemyCourse/Content/ArchVizAssets/Assets/Materials/ML_COG_Dull_Grey_1.uasset" 406
"../../../Engine/Content/Functions/MaterialLayerFunctions/MatLayerBlend_BakedNormal.uasset" 407
"../../../../VRProjects/VRUdemyCourse/Content/ArchVizAssets/Assets/Materials/M_COG_Underground_Pipe_Clamps_04.uasset" 408
"../../../../VRProjects/VRUdemyCourse/Content/ArchVizAssets/Assets/Meshes/SM_Underground_Pipe_Clamp04.uasset" 409
"../../../../VRProjects/VRUdemyCourse/Content/ArchVizAssets/Assets/Textures/T_Underground_PipeCap_N.uasset" 410
"../../../../VRProjects/VRUdemyCourse/Content/ArchVizAssets/Assets/Textures/T_Underground_PipeCap_M.uasset" 411
"../../../../VRProjects/VRUdemyCourse/Content/ArchVizAssets/Assets/Materials/ML_YellowMetal_Painted.uasset" 412
"../../../../VRProjects/VRUdemyCourse/Content/ArchVizAssets/Assets/Materials/ML_COG_Shiny_Grey_1.uasset" 413
"../../../../VRProjects/VRUdemyCourse/Content/ArchVizAssets/Assets/Materials/M_COG_Underground_Pipecap_Yellow.uasset" 414
"../../../../VRProjects/VRUdemyCourse/Content/ArchVizAssets/Assets/Meshes/SM_Underground_Pipe_Bracket01_WallMount02.uasset" 415
"../../../../VRProjects/VRUdemyCourse/Content/ArchVizAssets/Assets/Meshes/SM_Underground_Pipe_Bracket01_WallMount.uasset" 416
"../../../../VRProjects/VRUdemyCourse/Content/ArchVizAssets/Assets/Textures/T_Door_Hinged_Metal_M.uasset" 417
"../../../../VRProjects/VRUdemyCourse/Content/ArchVizAssets/Assets/Materials/ML_BlueMetal_Painted.uasset" 418
"../../../Engine/Content/Functions/MaterialLayerFunctions/MatLayerBlend_Tint.uasset" 419
"../../../../VRProjects/VRUdemyCourse/Content/ArchVizAssets/Assets/Materials/M_Door_Hinged_Metal.uasset" 420
"../../../../VRProjects/VRUdemyCourse/Content/ArchVizAssets/Assets/Meshes/SM_Swing_Door.uasset" 421
"../../../../VRProjects/VRUdemyCourse/Content/ArchVizAssets/Assets/Textures/T_PlantSoil_N.uasset" 422
"../../../../VRProjects/VRUdemyCourse/Content/ArchVizAssets/Assets/Textures/T_PlantSoil_D.uasset" 423
"../../../../VRProjects/VRUdemyCourse/Content/ArchVizAssets/Assets/Textures/T_PlantPot_N.uasset" 424
"../../../../VRProjects/VRUdemyCourse/Content/ArchVizAssets/Assets/Textures/T_PlantPot_M.uasset" 425
"../../../../VRProjects/VRUdemyCourse/Content/ArchVizAssets/Assets/Materials/M_PlantPot_Mat.uasset" 426
"../../../../VRProjects/VRUdemyCourse/Content/ArchVizAssets/Assets/Textures/T_PlantLeaf_N.uasset" 427
"../../../../VRProjects/VRUdemyCourse/Content/ArchVizAssets/Assets/Textures/T_PlantLeaf_M.uasset" 428
"../../../../VRProjects/VRUdemyCourse/Content/ArchVizAssets/Assets/Textures/T_PlantLeaf_D.uasset" 429
"../../../../VRProjects/VRUdemyCourse/Content/ArchVizAssets/Assets/Materials/M_PlantLeaf_Mat.uasset" 430
"../../../../VRProjects/VRUdemyCourse/Content/ArchVizAssets/Assets/Materials/M_PlantLeaf_Mat_Inst.uasset" 431
"../../../../VRProjects/VRUdemyCourse/Content/ArchVizAssets/Assets/Materials/M_PlantBark_Mat.uasset" 432
"../../../../VRProjects/VRUdemyCourse/Content/ArchVizAssets/Assets/Materials/M_PlantBark_Mat_Inst.uasset" 433
"../../../../VRProjects/VRUdemyCourse/Content/ArchVizAssets/Assets/Meshes/SM_Plant.uasset" 434
"../../../../VRProjects/VRUdemyCourse/Content/ArchVizAssets/Assets/Textures/T_HR_Grass01_N.uasset" 435
"../../../../VRProjects/VRUdemyCourse/Content/ArchVizAssets/Assets/Textures/T_HR_Grass01_D.uasset" 436
"../../../Engine/Content/Functions/Engine_MaterialFunctions01/ImageAdjustment/SCurve.uasset" 437
"../../../Engine/Content/Functions/Engine_MaterialFunctions02/TangentBasis.uasset" 438
"../../../Engine/Content/Functions/Engine_MaterialFunctions02/Math/Transform3x3Matrix.uasset" 439
"../../../Engine/Content/Functions/Engine_MaterialFunctions02/Math/CreateThirdOrthogonalVector.uasset" 440
"../../../Engine/Content/Functions/Engine_MaterialFunctions01/WorldPositionOffset/SplineThicken.uasset" 441
"../../../Engine/Content/Functions/Engine_MaterialFunctions01/Shading/PowerToRoughness.uasset" 442
"../../../../VRProjects/VRUdemyCourse/Content/ArchVizAssets/Assets/Materials/M_HR_Grass_MASTER.uasset" 443
"../../../../VRProjects/VRUdemyCourse/Content/ArchVizAssets/Assets/Materials/M_HR_Grass_01_Inst.uasset" 444
"../../../../VRProjects/VRUdemyCourse/Content/ArchVizAssets/Assets/Materials/M_HR_Grass_01_Flower_Inst.uasset" 445
"../../../../VRProjects/VRUdemyCourse/Content/ArchVizAssets/Assets/Materials/M_HR_Grass_01_B_Inst.uasset" 446
"../../../../VRProjects/VRUdemyCourse/Content/ArchVizAssets/Assets/Meshes/SM_HR_Grass05.uasset" 447
"../../../../VRProjects/VRUdemyCourse/Content/ArchVizAssets/Assets/Meshes/SM_HR_Grass04.uasset" 448
"../../../../VRProjects/VRUdemyCourse/Content/ArchVizAssets/Assets/Meshes/SM_HR_Grass02.uasset" 449
"../../../../VRProjects/VRUdemyCourse/Content/ArchVizAssets/Assets/Meshes/SM_HR_Grass01.uasset" 450
"../../../../VRProjects/VRUdemyCourse/Content/ArchVizAssets/Assets/Meshes/SM_GodRay_Plane.uasset" 451
"../../../../VRProjects/VRUdemyCourse/Content/ArchVizAssets/Assets/Meshes/SM_Cog_Underground_PipeCap_Top.uasset" 452
"../../../../VRProjects/VRUdemyCourse/Content/ArchVizAssets/Assets/Textures/T_Underground_Pipe_Valves_02_N.uasset" 453
"../../../../VRProjects/VRUdemyCourse/Content/ArchVizAssets/Assets/Textures/T_Underground_Pipe_Valves_02_M.uasset" 454
"../../../../VRProjects/VRUdemyCourse/Content/ArchVizAssets/Assets/Materials/M_COG_Underground_Pipe_Valves_02.uasset" 455
"../../../../VRProjects/VRUdemyCourse/Content/ArchVizAssets/Assets/Textures/T_Underground_Pipe_Valves_01_N.uasset" 456
"../../../../VRProjects/VRUdemyCourse/Content/ArchVizAssets/Assets/Textures/T_Underground_Pipe_Valves_01_M.uasset" 457
"../../../../VRProjects/VRUdemyCourse/Content/ArchVizAssets/Assets/Materials/M_COG_Underground_Pipe_Valves_01.uasset" 458
"../../../../VRProjects/VRUdemyCourse/Content/ArchVizAssets/Assets/Materials/M_COG_Underground_Pipe_Tjunction_Painted.uasset" 459
"../../../../VRProjects/VRUdemyCourse/Content/ArchVizAssets/Assets/Meshes/SM_COG_Underground_Pipe_Valve_Whole.uasset" 460
"../../../../VRProjects/VRUdemyCourse/Content/ArchVizAssets/Assets/Meshes/SM_COG_Underground_Pipe_Valve_TJunction.uasset" 461
"../../../../VRProjects/VRUdemyCourse/Content/ArchVizAssets/Assets/Meshes/SM_COG_Underground_Pipe_Valve_FrontSection.uasset" 462
"../../../../VRProjects/VRUdemyCourse/Content/ArchVizAssets/Assets/Textures/T_Underground_Clamps01_M.uasset" 463
"../../../../VRProjects/VRUdemyCourse/Content/ArchVizAssets/Assets/Materials/M_COG_Underground_Base_Pipe.uasset" 464
"../../../../VRProjects/VRUdemyCourse/Content/ArchVizAssets/Assets/Meshes/SM_Cog_Underground_Pipe01_200_Bent_S.uasset" 465
"../../../../VRProjects/VRUdemyCourse/Content/ArchVizAssets/Assets/Meshes/SM_Cog_Underground_Pipe01_200.uasset" 466
"../../../../VRProjects/VRUdemyCourse/Content/ArchVizAssets/Assets/Meshes/SM_Cog_Underground_Pipe01_100_Bent_90Tight.uasset" 467
"../../../../VRProjects/VRUdemyCourse/Content/ArchVizAssets/Assets/Meshes/SM_Cog_Underground_Pipe01_100_Bent_90.uasset" 468
"../../../../VRProjects/VRUdemyCourse/Content/ArchVizAssets/Assets/Meshes/SM_Cog_Underground_Pipe01_100.uasset" 469
"../../../../VRProjects/VRUdemyCourse/Content/ArchVizAssets/Assets/Textures/T_COG_Underground_Console_Panel_Bits_N.uasset" 470
"../../../../VRProjects/VRUdemyCourse/Content/ArchVizAssets/Assets/Textures/T_COG_Underground_Console_Panel_Bits_M.uasset" 471
"../../../Engine/Content/Functions/MaterialLayerFunctions/MatLayerBlend_AO.uasset" 472
"../../../../VRProjects/VRUdemyCourse/Content/ArchVizAssets/Assets/Materials/M_COG_Underground_Console_Panel_Bits.uasset" 473
"../../../../VRProjects/VRUdemyCourse/Content/ArchVizAssets/Assets/Textures/T_COG_Underground_Console_Panel_N.uasset" 474
"../../../../VRProjects/VRUdemyCourse/Content/ArchVizAssets/Assets/Textures/T_COG_Underground_Console_Panel_M.uasset" 475
"../../../../VRProjects/VRUdemyCourse/Content/ArchVizAssets/Assets/Textures/T_COG_Underground_Console_Panel_E.uasset" 476
"../../../../VRProjects/VRUdemyCourse/Content/ArchVizAssets/Assets/Textures/T_COG_Underground_Console_Panel_Decals.uasset" 477
"../../../Engine/Content/Functions/MaterialLayerFunctions/MatLayerBlend_Decal_UV3.uasset" 478
"../../../../VRProjects/VRUdemyCourse/Content/ArchVizAssets/Assets/Materials/M_COG_Underground_Console_Panel.uasset" 479
"../../../../VRProjects/VRUdemyCourse/Content/ArchVizAssets/Assets/Textures/T_Plank_1_by_1_N.uasset" 480
"../../../../VRProjects/VRUdemyCourse/Content/ArchVizAssets/Assets/Textures/T_Grime_Lines_M.uasset" 481
"../../../../VRProjects/VRUdemyCourse/Content/ArchVizAssets/Assets/Materials/ML_HOLO_Noise.uasset" 482
"../../../../VRProjects/VRUdemyCourse/Content/ArchVizAssets/Assets/Materials/M_Underground_Monitor_Blank.uasset" 483
"../../../../VRProjects/VRUdemyCourse/Content/ArchVizAssets/Assets/Meshes/SM_Cog_Underground_Console_Panel_NoButton.uasset" 484
"../../../../VRProjects/VRUdemyCourse/Content/ArchVizAssets/Assets/Meshes/SM_Cog_Underground_Console_Panel_Button_Base01.uasset" 485
"../../../../VRProjects/VRUdemyCourse/Content/ArchVizAssets/Assets/Materials/ML_Metal_Dark.uasset" 486
"../../../../VRProjects/VRUdemyCourse/Content/ArchVizAssets/Assets/Materials/M_Plain_Metal.uasset" 487
"../../../../VRProjects/VRUdemyCourse/Content/ArchVizAssets/Assets/Meshes/SM_Cog_Tunnel_Wires_Twisted_1_500.uasset" 488
"../../../../VRProjects/VRUdemyCourse/Content/ArchVizAssets/Assets/Textures/T_Underground_Ceiling_Pipes_N.uasset" 489
"../../../../VRProjects/VRUdemyCourse/Content/ArchVizAssets/Assets/Textures/T_Underground_Ceiling_Pipes_M.uasset" 490
"../../../../VRProjects/VRUdemyCourse/Content/ArchVizAssets/Assets/Materials/M_COG_Underground_Ceiling_Pipes.uasset" 491
"../../../../VRProjects/VRUdemyCourse/Content/ArchVizAssets/Assets/Meshes/SM_Cog_Tunnel_Ceiling_Pipes_Bracket_02Single.uasset" 492
"../../../../VRProjects/VRUdemyCourse/Content/ArchVizAssets/Assets/Meshes/SM_Cog_Tunnel_Ceiling_Pipes_Bracket_02Double.uasset" 493
"../../../../VRProjects/VRUdemyCourse/Content/ArchVizAssets/Assets/Meshes/SM_Cog_Tunnel_Ceiling_Pipes_Bracket_01.uasset" 494
"../../../../VRProjects/VRUdemyCourse/Content/ArchVizAssets/Assets/Meshes/SM_Cog_Tunnel_Ceiling_Pipes_3x1000.uasset" 495
"../../../../VRProjects/VRUdemyCourse/Content/ArchVizAssets/Assets/Meshes/SM_Cog_Tunnel_Ceiling_Pipes_2x1000.uasset" 496
"../../../../VRProjects/VRUdemyCourse/Content/ArchVizAssets/Assets/Meshes/SM_Cog_Tunnel_Ceiling_Pipes_1x1000.uasset" 497
"../../../../VRProjects/VRUdemyCourse/Content/ArchVizAssets/Assets/Textures/T_COG_Generic_Concrete_Base02_N.uasset" 498
"../../../../VRProjects/VRUdemyCourse/Content/ArchVizAssets/Assets/Textures/T_COG_Generic_Concrete_Base02_D.uasset" 499
"../../../Engine/Content/Functions/Engine_MaterialFunctions01/Gradient/LinearGradient.uasset" 500
"../../../Engine/Content/Functions/Engine_MaterialFunctions01/ImageAdjustment/CheapContrast.uasset" 501
"../../../../VRProjects/VRUdemyCourse/Content/ArchVizAssets/Assets/Materials/ML_COG_Generic_Concrete_Base02.uasset" 502
"../../../../VRProjects/VRUdemyCourse/Content/ArchVizAssets/Assets/Materials/M_WallArch_Mat.uasset" 503
"../../../../VRProjects/VRUdemyCourse/Content/ArchVizAssets/Assets/Materials/M_WallArch_Mat_Inst.uasset" 504
"../../../../VRProjects/VRUdemyCourse/Content/ArchVizAssets/Assets/Materials/M_Concrete_Plain.uasset" 505
"../../../../VRProjects/VRUdemyCourse/Content/ArchVizAssets/Assets/Meshes/SM_COG_Justice_Floor_Infra_01.uasset" 506
"../../../../VRProjects/VRUdemyCourse/Content/ArchVizAssets/Assets/Textures/T_WoodFloor_N.uasset" 507
"../../../../VRProjects/VRUdemyCourse/Content/ArchVizAssets/Assets/Textures/T_WoodFloor_AO.uasset" 508
"../../../../VRProjects/VRUdemyCourse/Content/ArchVizAssets/Assets/Textures/T_Wood_S.uasset" 509
"../../../../VRProjects/VRUdemyCourse/Content/ArchVizAssets/Assets/Textures/T_Wood_D.uasset" 510
"../../../../VRProjects/VRUdemyCourse/Content/ArchVizAssets/Assets/Textures/T_DustnScratches_N.uasset" 511
"../../../../VRProjects/VRUdemyCourse/Content/ArchVizAssets/Assets/Textures/T_DustnScratches_M.uasset" 512
"../../../Engine/Content/Functions/Engine_MaterialFunctions02/Utility/Swizzle.uasset" 513
"../../../../VRProjects/VRUdemyCourse/Content/ArchVizAssets/Assets/Materials/M_Wood_Floor.uasset" 514
"../../../../VRProjects/VRUdemyCourse/Content/ArchVizAssets/Assets/Textures/T_COG_City_Justice_Floor_Trims_N.uasset" 515
"../../../../VRProjects/VRUdemyCourse/Content/ArchVizAssets/Assets/Textures/T_COG_City_Justice_Floor_Trims_M.uasset" 516
"../../../../VRProjects/VRUdemyCourse/Content/ArchVizAssets/Assets/Materials/M_COG_City_Justice_Trims.uasset" 517
"../../../../VRProjects/VRUdemyCourse/Content/ArchVizAssets/Assets/Meshes/SM_COG_Demo_Theatre_Floor_Whole.uasset" 518
"../../../../VRProjects/VRUdemyCourse/Content/ArchVizAssets/Assets/Textures/T_COG_City_Roof_Trim_Var1_AO.uasset" 519
"../../../../VRProjects/VRUdemyCourse/Content/ArchVizAssets/Assets/Materials/M_COG_City_Roof_Trim_Var1.uasset" 520
"../../../../VRProjects/VRUdemyCourse/Content/ArchVizAssets/Assets/Meshes/SM_COG_City_Roof_Trim_VarA_Bent_45.uasset" 521
"../../../../VRProjects/VRUdemyCourse/Content/ArchVizAssets/Assets/Textures/T_COG_City_WhiteMarble01_N.uasset" 522
"../../../../VRProjects/VRUdemyCourse/Content/ArchVizAssets/Assets/Textures/T_COG_City_WhiteMarble01_D.uasset" 523
"../../../../VRProjects/VRUdemyCourse/Content/ArchVizAssets/Assets/Materials/ML_COG_Marble01.uasset" 524
"../../../../VRProjects/VRUdemyCourse/Content/ArchVizAssets/Assets/Materials/M_COG_Courthouse_MarbleFloor_2.uasset" 525
"../../../../VRProjects/VRUdemyCourse/Content/ArchVizAssets/Assets/Textures/T_COG_City_JusticePlinths_N.uasset" 526
"../../../../VRProjects/VRUdemyCourse/Content/ArchVizAssets/Assets/Textures/T_COG_City_JusticePlinths_M.uasset" 527
"../../../../VRProjects/VRUdemyCourse/Content/ArchVizAssets/Assets/Materials/M_COG_City_Justice_Plinths_2.uasset" 528
"../../../../VRProjects/VRUdemyCourse/Content/ArchVizAssets/Assets/Meshes/SM_COG_City_JusticePlinth2.uasset" 529
"../../../../VRProjects/VRUdemyCourse/Content/ArchVizAssets/Assets/Textures/T_COG_City_Decos_Bench_N.uasset" 530
"../../../../VRProjects/VRUdemyCourse/Content/ArchVizAssets/Assets/Textures/T_COG_City_Decos_Bench_M.uasset" 531
"../../../../VRProjects/VRUdemyCourse/Content/ArchVizAssets/Assets/Materials/M_COG_City_Deco_Bench.uasset" 532
"../../../../VRProjects/VRUdemyCourse/Content/ArchVizAssets/Assets/Meshes/SM_COG_City_Decos_Bench.uasset" 533
"../../../../VRProjects/VRUdemyCourse/Content/ArchVizAssets/Assets/Textures/T_LargeStone01_N.uasset" 534
"../../../../VRProjects/VRUdemyCourse/Content/ArchVizAssets/Assets/Textures/T_Boulder01_N.uasset" 535
"../../../../VRProjects/VRUdemyCourse/Content/ArchVizAssets/Assets/Textures/T_Boulder01_D.uasset" 536
"../../../Engine/Content/Functions/Engine_MaterialFunctions01/Texturing/WorldAlignedTexture.uasset" 537
"../../../../VRProjects/VRUdemyCourse/Content/ArchVizAssets/Assets/Materials/M_Boulder_MASTER.uasset" 538
"../../../../VRProjects/VRUdemyCourse/Content/ArchVizAssets/Assets/Meshes/SM_Boulder02.uasset" 539
"../../../../VRProjects/VRUdemyCourse/Content/ArchVizAssets/Assets/Textures/T_Background_D.uasset" 540
"../../../../VRProjects/VRUdemyCourse/Content/ArchVizAssets/Assets/Materials/M_Background_Mat.uasset" 541
"../../../../VRProjects/VRUdemyCourse/Content/ArchVizAssets/Assets/Meshes/SM_Background.uasset" 542
"../../../../VRProjects/VRUdemyCourse/Content/ArchVizAssets/Assets/Textures/T_GrassBlade_D.uasset" 543
"../../../../VRProjects/VRUdemyCourse/Content/ArchVizAssets/Assets/Textures/T_CleanGrass_D.uasset" 544
"../../../../VRProjects/VRUdemyCourse/Content/ArchVizAssets/Assets/Materials/M_Grass_Blades.uasset" 545
"../../../../VRProjects/VRUdemyCourse/Content/ArchVizAssets/Assets/Materials/M_Grass_Blades_INST.uasset" 546
"../../../../VRProjects/VRUdemyCourse/Content/ArchVizAssets/Assets/Meshes/SM_256_Grass_Clean.uasset" 547
"../../../../VRProjects/VRUdemyCourse/Content/ArchVizAssets/Assets/Meshes/S_Underground_Floor_2.uasset" 548
"../../../../VRProjects/VRUdemyCourse/Content/ArchVizAssets/Assets/Textures/T_COG_Foliage_Leaves_N.uasset" 549
"../../../../VRProjects/VRUdemyCourse/Content/ArchVizAssets/Assets/Textures/T_COG_Foliage_Leaves_D.uasset" 550
"../../../../VRProjects/VRUdemyCourse/Content/ArchVizAssets/Assets/Textures/T_COG_Foliage_Leaves_AO.uasset" 551
"../../../Engine/Content/Functions/Engine_MaterialFunctions01/Shading/FuzzyShading.uasset" 552
"../../../../VRProjects/VRUdemyCourse/Content/ArchVizAssets/Assets/Materials/M_Tree_Branches.uasset" 553
"../../../../VRProjects/VRUdemyCourse/Content/ArchVizAssets/Assets/Meshes/S_Scattered_Leaves.uasset" 554
"../../../../VRProjects/VRUdemyCourse/Content/ArchVizAssets/Assets/Textures/T_COG_BuildingSetA_Door_N.uasset" 555
"../../../../VRProjects/VRUdemyCourse/Content/ArchVizAssets/Assets/Textures/T_COG_BuildingSetA_Door_M.uasset" 556
"../../../../VRProjects/VRUdemyCourse/Content/ArchVizAssets/Assets/Materials/M_COG_BuidingSetA_Door.uasset" 557
"../../../../VRProjects/VRUdemyCourse/Content/ArchVizAssets/Assets/Meshes/S_MetalPillar_4.uasset" 558
"../../../../VRProjects/VRUdemyCourse/Content/ArchVizAssets/Assets/Meshes/S_MetalPillar_2_c.uasset" 559
"../../../../VRProjects/VRUdemyCourse/Content/ArchVizAssets/Assets/Meshes/S_MetalPillar_2.uasset" 560
"../../../../VRProjects/VRUdemyCourse/Content/ArchVizAssets/Assets/Meshes/S_Metal_Stair_Rail_8.uasset" 561
"../../../../VRProjects/VRUdemyCourse/Content/ArchVizAssets/Assets/Meshes/S_Metal_Stair_Rail_6.uasset" 562
"../../../../VRProjects/VRUdemyCourse/Content/ArchVizAssets/Assets/Meshes/S_Metal_Stair_Rail_2.uasset" 563
"../../../../VRProjects/VRUdemyCourse/Content/ArchVizAssets/Assets/Meshes/S_Metal_Stair_Rail_1_Cap_2.uasset" 564
"../../../../VRProjects/VRUdemyCourse/Content/ArchVizAssets/Assets/Meshes/S_Metal_Stair_Rail_1.uasset" 565
"../../../../VRProjects/VRUdemyCourse/Content/ArchVizAssets/Assets/Textures/T_Tech_Step_1_N.uasset" 566
"../../../../VRProjects/VRUdemyCourse/Content/ArchVizAssets/Assets/Textures/T_Tech_Step_1_M.uasset" 567
"../../../../VRProjects/VRUdemyCourse/Content/ArchVizAssets/Assets/Materials/M_Tech_Stair_1.uasset" 568
"../../../../VRProjects/VRUdemyCourse/Content/ArchVizAssets/Assets/Meshes/S_Metal_Stair_1.uasset" 569
"../../../../VRProjects/VRUdemyCourse/Content/ArchVizAssets/Assets/Textures/T_Keyhole_Signs01_D.uasset" 570
"../../../../VRProjects/VRUdemyCourse/Content/ArchVizAssets/Assets/Materials/M_Keyhole_Deco_Signs.uasset" 571
"../../../../VRProjects/VRUdemyCourse/Content/ArchVizAssets/Assets/Meshes/S_Keyhole_Deco_Sign_NoEntrySM.uasset" 572
"../../../../VRProjects/VRUdemyCourse/Content/ArchVizAssets/Assets/Meshes/S_Keyhole_Deco_Sign_NoEntry.uasset" 573
"../../../../VRProjects/VRUdemyCourse/Content/ArchVizAssets/Assets/Meshes/S_Keyhole_Deco_Sign_NoCross.uasset" 574
"../../../../VRProjects/VRUdemyCourse/Content/ArchVizAssets/Assets/Textures/T_Floor_Tech_2_M.uasset" 575
"../../../../VRProjects/VRUdemyCourse/Content/ArchVizAssets/Assets/Materials/M_Floor_Tech_1_Edge.uasset" 576
"../../../../VRProjects/VRUdemyCourse/Content/ArchVizAssets/Assets/Textures/T_Floor_Tech_1_N.uasset" 577
"../../../../VRProjects/VRUdemyCourse/Content/ArchVizAssets/Assets/Textures/T_Floor_Tech_1_M.uasset" 578
"../../../../VRProjects/VRUdemyCourse/Content/ArchVizAssets/Assets/Materials/M_Floor_Tech_1.uasset" 579
"../../../../VRProjects/VRUdemyCourse/Content/ArchVizAssets/Assets/Meshes/S_Floor_Grate_6.uasset" 580
"../../../../VRProjects/VRUdemyCourse/Content/ArchVizAssets/Assets/Meshes/S_Floor_Grate_5.uasset" 581
"../../../../VRProjects/VRUdemyCourse/Content/ArchVizAssets/Assets/Meshes/S_Floor_Grate_4.uasset" 582
"../../../../VRProjects/VRUdemyCourse/Content/ArchVizAssets/Assets/Meshes/S_Floor_Grate_2.uasset" 583
"../../../../VRProjects/VRUdemyCourse/Content/ArchVizAssets/Assets/Meshes/S_Door_Hinged_Metal_Frame_01.uasset" 584
"../../../../VRProjects/VRUdemyCourse/Content/ArchVizAssets/Assets/Textures/T_CleanGrass_N.uasset" 585
"../../../../VRProjects/VRUdemyCourse/Content/ArchVizAssets/Assets/Materials/M_GrassMaster.uasset" 586
"../../../../VRProjects/VRUdemyCourse/Content/ArchVizAssets/Assets/Materials/M_Grass_Darker_Inst.uasset" 587
"../../../../VRProjects/VRUdemyCourse/Content/ArchVizAssets/Assets/Meshes/S_Dirt_Pile.uasset" 588
"../../../../VRProjects/VRUdemyCourse/Content/ArchVizAssets/Assets/Textures/T_Bark01_N.uasset" 589
"../../../../VRProjects/VRUdemyCourse/Content/ArchVizAssets/Assets/Textures/T_Bark01_D.uasset" 590
"../../../../VRProjects/VRUdemyCourse/Content/ArchVizAssets/Assets/Materials/M_TreeTrunk01.uasset" 591
"../../../../VRProjects/VRUdemyCourse/Content/ArchVizAssets/Assets/Meshes/S_BuildingSetA_Tree_02.uasset" 592
"../../../../VRProjects/VRUdemyCourse/Content/ArchVizAssets/Assets/Textures/T_DS360_075_Ref.uasset" 593
"../../../../VRProjects/VRUdemyCourse/Content/ArchVizAssets/Assets/Materials/M_Environment_Glass_Master.uasset" 594
"../../../../VRProjects/VRUdemyCourse/Content/ArchVizAssets/Assets/Meshes/S_BuildingSetA_Door_01g_07.uasset" 595
"../../../../VRProjects/VRUdemyCourse/Content/ArchVizAssets/Assets/Meshes/S_BuildingSetA_Door_01g_06.uasset" 596
"../../../../VRProjects/VRUdemyCourse/Content/ArchVizAssets/Assets/Meshes/S_BuildingSetA_Door_01f_05.uasset" 597
"../../../../VRProjects/VRUdemyCourse/Content/ArchVizAssets/Assets/Meshes/S_BuildingSetA_Door_01f_02c.uasset" 598
"../../../../VRProjects/VRUdemyCourse/Content/ArchVizAssets/Assets/Meshes/S_BuildingSetA_Building_02b_05.uasset" 599
"../../../../VRProjects/VRUdemyCourse/Content/ArchVizAssets/Assets/Meshes/S_BuildingSetA_Building_02b.uasset" 600
"../../../../VRProjects/VRUdemyCourse/Content/ArchVizAssets/Assets/Textures/T_COG_City_AboveGround_Railing_N.uasset" 601
"../../../../VRProjects/VRUdemyCourse/Content/ArchVizAssets/Assets/Textures/T_COG_City_AboveGround_Railing_D.uasset" 602
"../../../Engine/Content/Functions/MaterialLayerFunctions/MatLayerBlend_Simple.uasset" 603
"../../../../VRProjects/VRUdemyCourse/Content/ArchVizAssets/Assets/Materials/M_Railing.uasset" 604
"../../../../VRProjects/VRUdemyCourse/Content/ArchVizAssets/Assets/Meshes/S_BuildingSetA_Building_01e.uasset" 605
"../../../../VRProjects/VRUdemyCourse/Content/ArchVizAssets/Assets/Textures/T_Building_01_N.uasset" 606
"../../../../VRProjects/VRUdemyCourse/Content/ArchVizAssets/Assets/Textures/T_Building_01_D.uasset" 607
"../../../../VRProjects/VRUdemyCourse/Content/ArchVizAssets/Assets/Materials/M_Building_01.uasset" 608
"../../../../VRProjects/VRUdemyCourse/Content/ArchVizAssets/Assets/Meshes/S_Building_01f.uasset" 609
"../../../../VRProjects/VRUdemyCourse/Content/ArchVizAssets/Assets/Meshes/S_Building_01d.uasset" 610
"../../../../VRProjects/VRUdemyCourse/Content/ArchVizAssets/Assets/Meshes/EditorPlane.uasset" 611
"../../../../VRProjects/VRUdemyCourse/Content/ArchVizAssets/Assets/Audio/Blueprints_ComputerStatic06.uasset" 612
"../../../../VRProjects/VRUdemyCourse/Content/ArchVizAssets/Assets/Audio/Blueprints_ComputerStatic07_Cue.uasset" 613
"../../../../VRProjects/VRUdemyCourse/Content/ArchVizAssets/Assets/Audio/Blueprints_Scanner12.uasset" 614
"../../../../VRProjects/VRUdemyCourse/Content/ArchVizAssets/Assets/Audio/Blueprints_Scanner03.uasset" 615
"../../../../VRProjects/VRUdemyCourse/Content/ArchVizAssets/Assets/Audio/Blueprints_Alarm10.uasset" 616
"../../../../VRProjects/VRUdemyCourse/Content/ArchVizAssets/Assets/Audio/Blueprints_BeamAlarmLarge_Cue.uasset" 617
"../../../../VRProjects/VRUdemyCourse/Content/ArchVizAssets/Assets/Materials/M_Wood_Floor_Scaled_Inst.uasset" 618
"../../../Engine/Content/MapTemplates/T_UDK_Sky_CloudMask03.uasset" 619
"../../../../VRProjects/VRUdemyCourse/Content/ArchVizAssets/Assets/Materials/M_Sky_Clouds.uasset" 620
"../../../../VRProjects/VRUdemyCourse/Content/ArchVizAssets/Assets/Materials/M_Sky_Clouds_Inst.uasset" 621
"../../../../VRProjects/VRUdemyCourse/Content/ArchVizAssets/Assets/Materials/M_Security_Camera_Master.uasset" 622
"../../../../VRProjects/VRUdemyCourse/Content/ArchVizAssets/Assets/Materials/M_Security_Camera_Alarm_Flashing_Inst.uasset" 623
"../../../../VRProjects/VRUdemyCourse/Content/ArchVizAssets/Assets/Materials/M_GodRay_MASTER.uasset" 624
"../../../../VRProjects/VRUdemyCourse/Content/ArchVizAssets/Assets/Materials/M_GodRay_Animated.uasset" 625
"../../../../VRProjects/VRUdemyCourse/Content/ArchVizAssets/Assets/Materials/ML_Raycast.uasset" 626
"../../../../VRProjects/VRUdemyCourse/Content/ArchVizAssets/Assets/Materials/ML_NormalMaskedVectors.uasset" 627
"../../../Engine/Content/Functions/Engine_MaterialFunctions01/Gradient/RadialGradient.uasset" 628
"../../../../VRProjects/VRUdemyCourse/Content/ArchVizAssets/Assets/Materials/M_FogSheet_Master.uasset" 629
"../../../../VRProjects/VRUdemyCourse/Content/ArchVizAssets/Assets/Materials/M_FogSheet_Master_INST.uasset" 630
"../../../../VRProjects/VRUdemyCourse/Content/ArchVizAssets/Assets/Materials/M_COG_Courthouse_MarbleFloor_2_Fresnel.uasset" 631
"../../../Engine/Content/Functions/Engine_MaterialFunctions01/Density/ExponentialDensity.uasset" 632
"../../../Engine/Content/Functions/Engine_MaterialFunctions01/Gradient/RadialGradientExponential.uasset" 633
"../../../../VRProjects/VRUdemyCourse/Content/Blueprints/M_BlinkerMaterial.uasset" 634
"../../../../VRProjects/VRUdemyCourse/Content/ArchVizAssets/Assets/Materials/M_SecurityCamera_Screen.uasset" 635
"../../../../VRProjects/VRUdemyCourse/Content/ArchVizAssets/Assets/Materials/M_Security_Camera_Viewcone.uasset" 636
"../../../../VRProjects/VRUdemyCourse/Content/ArchVizAssets/Assets/Materials/M_COG_Underground_Pipe_Tjunction_Painted_Blue.uasset" 637
"../../../../VRProjects/VRUdemyCourse/Content/ArchVizAssets/Assets/Materials/M_COG_Underground_Pipe_Painted_Blue.uasset" 638
"../../../../VRProjects/VRUdemyCourse/Content/ArchVizAssets/Assets/Materials/M_Butterfly_wing.uasset" 639
"../../../../VRProjects/VRUdemyCourse/Content/MainMap_BuiltData.uasset" 640
"../../../../VRProjects/VRUdemyCourse/Content/Materials/TeleportMCP.uasset" 641
"../../../Engine/Content/Functions/Engine_MaterialFunctions02/Utility/DepthFromWorldPosition.uasset" 642
"../../../../VRProjects/VRUdemyCourse/Content/Materials/MF_OccludedPixels.uasset" 643
"../../../Engine/Content/EngineMaterials/Good64x64TilingNoiseHighFreq.uasset" 644
"../../../../VRProjects/VRUdemyCourse/Content/Materials/M_TeleportPreviews.uasset" 645
"../../../../VRProjects/VRUdemyCourse/Content/Materials/MI_TeleportCylinderPreview.uasset" 646
"../../../../VRProjects/VRUdemyCourse/Content/Blueprints/Curve_RadiusVsVelocity_Float.uasset" 647
"../../../Engine/Content/VREditor/Devices/Vive/VivePreController_MasksB.uasset" 648
"../../../Engine/Content/VREditor/Devices/Oculus/OculusControllerMaterial.uasset" 649
"../../../Engine/Content/VREditor/Devices/Oculus/OculusControllerMaterial_Inst.uasset" 650
"../../../Engine/Content/VREditor/Devices/Oculus/OculusControllerMesh.uasset" 651
"../../../../VRProjects/VRUdemyCourse/Content/Blueprints/BP_VRCharacter.uasset" 652
"../../../../VRProjects/VRUdemyCourse/Content/Blueprints/BP_VRGameMode.uasset" 653
"../../../../VRProjects/VRUdemyCourse/Content/ArchVizAssets/Assets/Meshes/SM_Security_Flashing_Alarm.uasset" 654
"../../../../VRProjects/VRUdemyCourse/Content/ArchVizAssets/Assets/Blueprints/BPI_Security_Alarm_Interface.uasset" 655
"../../../Engine/Content/EditorBlueprintResources/StandardMacros.uasset" 656
"../../../../VRProjects/VRUdemyCourse/Content/ArchVizAssets/Assets/Blueprints/BP_Security_Flashing_Alarm.uasset" 657
"../../../../VRProjects/VRUdemyCourse/Content/ArchVizAssets/Assets/Blueprints/BP_Random_Foliage.uasset" 658
"../../../../VRProjects/VRUdemyCourse/Content/ArchVizAssets/Assets/Textures/T_GodRay_Mask02.uasset" 659
"../../../../VRProjects/VRUdemyCourse/Content/ArchVizAssets/Assets/Blueprints/BP_LightBeam.uasset" 660
"../../../../VRProjects/VRUdemyCourse/Content/ArchVizAssets/Assets/Meshes/SM_FogSheet_Plane.uasset" 661
"../../../../VRProjects/VRUdemyCourse/Content/ArchVizAssets/Assets/Blueprints/BP_FogSheet.uasset" 662
"../../../../VRProjects/VRUdemyCourse/Content/ArchVizAssets/Assets/Meshes/SM_Cog_Underground_Console_Monitor.uasset" 663
"../../../../VRProjects/VRUdemyCourse/Content/ArchVizAssets/Assets/Materials/M_SecurityCamera_Screen_Transition_Inst.uasset" 664
"../../../../VRProjects/VRUdemyCourse/Content/ArchVizAssets/Assets/Audio/Blueprints_ComputerStatic01.uasset" 665
"../../../../VRProjects/VRUdemyCourse/Content/ArchVizAssets/Assets/Audio/Blueprints_ComputerStatic01_Cue.uasset" 666
"../../../../VRProjects/VRUdemyCourse/Content/ArchVizAssets/Assets/Blueprints/BP_Security_Monitor.uasset" 667
"../../../../VRProjects/VRUdemyCourse/Content/ArchVizAssets/Assets/Audio/Blueprints_DoorOpen01.uasset" 668
"../../../../VRProjects/VRUdemyCourse/Content/ArchVizAssets/Assets/Audio/Blueprints_DoorOpen01_Cue.uasset" 669
"../../../../VRProjects/VRUdemyCourse/Content/ArchVizAssets/Assets/Audio/Blueprints_DoorClose01.uasset" 670
"../../../../VRProjects/VRUdemyCourse/Content/ArchVizAssets/Assets/Audio/Blueprints_DoorClose01_Cue.uasset" 671
"../../../../VRProjects/VRUdemyCourse/Content/ArchVizAssets/Assets/Blueprints/BP_Security_Sliding_Door_Default_Open.uasset" 672
"../../../../VRProjects/VRUdemyCourse/Content/ArchVizAssets/Assets/Meshes/SM_Cog_Underground_Console_Panel_Button.uasset" 673
"../../../../VRProjects/VRUdemyCourse/Content/ArchVizAssets/Assets/Materials/M_TextMaterial_Opaque_Emissive.uasset" 674
"../../../../VRProjects/VRUdemyCourse/Content/ArchVizAssets/Assets/Audio/Blueprints_Interior_Stereo04.uasset" 675
"../../../../VRProjects/VRUdemyCourse/Content/ArchVizAssets/Assets/Audio/Blueprints_Interior_Stereo03.uasset" 676
"../../../../VRProjects/VRUdemyCourse/Content/ArchVizAssets/Assets/Audio/Blueprints_Interior_Cue.uasset" 677
"../../../../VRProjects/VRUdemyCourse/Content/ArchVizAssets/Assets/Audio/Blueprints_Computer_Stereo03.uasset" 678
"../../../../VRProjects/VRUdemyCourse/Content/ArchVizAssets/Assets/Audio/Blueprints_Computer_Stereo03_Cue.uasset" 679
"../../../../VRProjects/VRUdemyCourse/Content/ArchVizAssets/Assets/Audio/Blueprints_ButtonPush01.uasset" 680
"../../../../VRProjects/VRUdemyCourse/Content/ArchVizAssets/Assets/Audio/Blueprints_ButtonLayer01.uasset" 681
"../../../../VRProjects/VRUdemyCourse/Content/ArchVizAssets/Assets/Audio/Blueprints_ButtonPush01_Cue.uasset" 682
"../../../../VRProjects/VRUdemyCourse/Content/ArchVizAssets/Assets/Blueprints/BP_Security_Screen_Button.uasset" 683
"../../../../VRProjects/VRUdemyCourse/Content/ArchVizAssets/Assets/Meshes/SM_Security_Camera_Viewcone.uasset" 684
"../../../../VRProjects/VRUdemyCourse/Content/ArchVizAssets/Assets/Meshes/SM_Security_Camera_Lens.uasset" 685
"../../../../VRProjects/VRUdemyCourse/Content/ArchVizAssets/Assets/Meshes/SM_Security_Camera_Base.uasset" 686
"../../../../VRProjects/VRUdemyCourse/Content/ArchVizAssets/Assets/Audio/Blueprints_Scanner_Change05.uasset" 687
"../../../../VRProjects/VRUdemyCourse/Content/ArchVizAssets/Assets/Audio/Blueprints_ScannerSwitch01.uasset" 688
"../../../../VRProjects/VRUdemyCourse/Content/ArchVizAssets/Assets/Audio/Blueprints_ScannerPivot05.uasset" 689
"../../../../VRProjects/VRUdemyCourse/Content/ArchVizAssets/Assets/Audio/Blueprints_ScannerPivot04.uasset" 690
"../../../../VRProjects/VRUdemyCourse/Content/ArchVizAssets/Assets/Audio/Blueprints_ScannerPivot01.uasset" 691
"../../../../VRProjects/VRUdemyCourse/Content/ArchVizAssets/Assets/Audio/Blueprints_ComputerBeep01.uasset" 692
"../../../../VRProjects/VRUdemyCourse/Content/ArchVizAssets/Assets/Audio/Blueprints_SwitchScanner01_Cue.uasset" 693
"../../../../VRProjects/VRUdemyCourse/Content/ArchVizAssets/Assets/Audio/Blueprints_Scanner_Change04.uasset" 694
"../../../../VRProjects/VRUdemyCourse/Content/ArchVizAssets/Assets/Audio/Blueprints_Scanner_Change01.uasset" 695
"../../../../VRProjects/VRUdemyCourse/Content/ArchVizAssets/Assets/Audio/Blueprints_SwitchAlarm01_Cue.uasset" 696
"../../../../VRProjects/VRUdemyCourse/Content/ArchVizAssets/Assets/Audio/Blueprints_Scanner17.uasset" 697
"../../../../VRProjects/VRUdemyCourse/Content/ArchVizAssets/Assets/Audio/Blueprints_Scanner10.uasset" 698
"../../../../VRProjects/VRUdemyCourse/Content/ArchVizAssets/Assets/Audio/Blueprints_BeamScanner_Cue.uasset" 699
"../../../../VRProjects/VRUdemyCourse/Content/ArchVizAssets/Assets/Audio/Blueprints_Scanner16.uasset" 700
"../../../../VRProjects/VRUdemyCourse/Content/ArchVizAssets/Assets/Audio/Blueprints_BeamAlarmSmall_Cue.uasset" 701
"../../../../VRProjects/VRUdemyCourse/Content/ArchVizAssets/Assets/Blueprints/BP_Security_Camera_Tracking.uasset" 702
"../../../../VRProjects/VRUdemyCourse/Content/ArchVizAssets/Assets/Textures/T_TextBox_Icon_M.uasset" 703
"../../../Engine/Content/Functions/MaterialLayerFunctions/MatLayerBlend_ModulateRoughness.uasset" 704
"../../../Engine/Content/Functions/Engine_MaterialFunctions03/Particles/Distance_Blend.uasset" 705
"../../../../VRProjects/VRUdemyCourse/Content/ArchVizAssets/Assets/Materials/M_TextBox_Icon_Info.uasset" 706
"../../../../VRProjects/VRUdemyCourse/Content/ArchVizAssets/Assets/Meshes/S_TextBox_Icon_Info.uasset" 707
"../../../../VRProjects/VRUdemyCourse/Content/ArchVizAssets/Assets/Materials/M_TextBox_Color.uasset" 708
"../../../Engine/Content/EngineVolumetrics/Fogsheet/Materials/T_EV_FogSheet_Falloff_02.uasset" 709
"../../../../VRProjects/VRUdemyCourse/Content/ArchVizAssets/Assets/Materials/M_TextBox_Background_Color.uasset" 710
"../../../../VRProjects/VRUdemyCourse/Content/ArchVizAssets/Assets/Materials/M_TextBox_Background_Color_Edge_Inst.uasset" 711
"../../../../VRProjects/VRUdemyCourse/Content/ArchVizAssets/Assets/Meshes/S_TextBox_Border_Segment.uasset" 712
"../../../../VRProjects/VRUdemyCourse/Content/ArchVizAssets/Assets/Meshes/S_TextBox_Border_Corner.uasset" 713
"../../../../VRProjects/VRUdemyCourse/Content/ArchVizAssets/Assets/Meshes/S_TextBox_Border_Background.uasset" 714
"../../../../VRProjects/VRUdemyCourse/Content/ArchVizAssets/Assets/Materials/M_Particle_Effect_Ring.uasset" 715
"../../../../VRProjects/VRUdemyCourse/Content/ArchVizAssets/Assets/Effects/P_Pulse_Ring.uasset" 716
"../../../../VRProjects/VRUdemyCourse/Content/ArchVizAssets/Assets/Audio/Text_Pop.uasset" 717
"../../../../VRProjects/VRUdemyCourse/Content/ArchVizAssets/Assets/Audio/Blueprints_TextPop03.uasset" 718
"../../../../VRProjects/VRUdemyCourse/Content/ArchVizAssets/Assets/Audio/Blueprints_TextPop01.uasset" 719
"../../../../VRProjects/VRUdemyCourse/Content/ArchVizAssets/Assets/Audio/Text_Pop_Cue.uasset" 720
"../../../../VRProjects/VRUdemyCourse/Content/ArchVizAssets/Assets/Blueprints/BP_Commentary_Box.uasset" 721
"../../../../VRProjects/VRUdemyCourse/Content/ArchVizAssets/Assets/Meshes/S_Butterfly_Right_Wing.uasset" 722
"../../../../VRProjects/VRUdemyCourse/Content/ArchVizAssets/Assets/Meshes/S_Butterfly_Left_Wing.uasset" 723
"../../../../VRProjects/VRUdemyCourse/Content/ArchVizAssets/Assets/Materials/M_Butterfly_Body.uasset" 724
"../../../../VRProjects/VRUdemyCourse/Content/ArchVizAssets/Assets/Meshes/S_Butterfly_Body.uasset" 725
"../../../../VRProjects/VRUdemyCourse/Content/ArchVizAssets/Assets/Materials/M_Particle_Glow.uasset" 726
"../../../../VRProjects/VRUdemyCourse/Content/ArchVizAssets/Assets/Effects/P_Butterfly_Trail.uasset" 727
"../../../../VRProjects/VRUdemyCourse/Content/ArchVizAssets/Assets/Audio/Insect_WingsLoop05.uasset" 728
"../../../../VRProjects/VRUdemyCourse/Content/ArchVizAssets/Assets/Audio/Blueprints_Butterfly02.uasset" 729
"../../../../VRProjects/VRUdemyCourse/Content/ArchVizAssets/Assets/Audio/Blueprints_Butterfly_Cue.uasset" 730
"../../../../VRProjects/VRUdemyCourse/Content/ArchVizAssets/Assets/Audio/Blueprints_Buterrest.uasset" 731
"../../../../VRProjects/VRUdemyCourse/Content/ArchVizAssets/Assets/Audio/Blueprints_Buterrest_Cue.uasset" 732
"../../../../VRProjects/VRUdemyCourse/Content/ArchVizAssets/Assets/Blueprints/BP_Butterfly.uasset" 733
"../../../Engine/Content/MapTemplates/Sky/T_UDK_Sky_CloudMask01_N.uasset" 734
"../../../Engine/Content/MapTemplates/Sky/T_Sky_Stars.uasset" 735
"../../../Engine/Content/MapTemplates/Sky/M_Procedural_Sky_MASTER02.uasset" 736
"../../../Engine/Content/MapTemplates/Sky/SM_SkySphere.uasset" 737
"../../../../VRProjects/VRUdemyCourse/Content/MainMap.umap" 738
